{"meta": {"version": "7.4.0", "timestamp": "2024-01-11T12:49:45.710452", "branch_coverage": false, "show_contexts": false}, "files": {"app/__init__.py": {"executed_lines": [0], "summary": {"covered_lines": 0, "num_statements": 0, "percent_covered": 100.0, "percent_covered_display": "100", "missing_lines": 0, "excluded_lines": 0}, "missing_lines": [], "excluded_lines": []}, "app/components/__init__.py": {"executed_lines": [0], "summary": {"covered_lines": 0, "num_statements": 0, "percent_covered": 100.0, "percent_covered_display": "100", "missing_lines": 0, "excluded_lines": 0}, "missing_lines": [], "excluded_lines": []}, "app/components/change_page_callback.py": {"executed_lines": [6, 7, 14], "summary": {"covered_lines": 3, "num_statements": 13, "percent_covered": 23.076923076923077, "percent_covered_display": "23", "missing_lines": 10, "excluded_lines": 0}, "missing_lines": [17, 28, 30, 32, 33, 34, 35, 36, 37, 39], "excluded_lines": []}, "app/components/configure_analysis.py": {"executed_lines": [6, 9, 10, 11, 12, 20], "summary": {"covered_lines": 6, "num_statements": 6, "percent_covered": 100.0, "percent_covered_display": "100", "missing_lines": 0, "excluded_lines": 0}, "missing_lines": [], "excluded_lines": []}, "app/components/create_metadata_tabs_from_checklist.py": {"executed_lines": [6, 7, 8, 9, 10, 19, 34], "summary": {"covered_lines": 7, "num_statements": 21, "percent_covered": 33.333333333333336, "percent_covered_display": "33", "missing_lines": 14, "excluded_lines": 0}, "missing_lines": [35, 43, 44, 45, 46, 47, 48, 49, 51, 52, 54, 70, 71, 74], "excluded_lines": []}, "app/components/header.py": {"executed_lines": [6, 7, 8, 16, 63], "summary": {"covered_lines": 5, "num_statements": 10, "percent_covered": 50.0, "percent_covered_display": "50", "missing_lines": 5, "excluded_lines": 0}, "missing_lines": [65, 70, 71, 72, 73], "excluded_lines": []}, "app/components/instrument_settings.py": {"executed_lines": [6, 7, 8, 15, 251], "summary": {"covered_lines": 5, "num_statements": 14, "percent_covered": 35.714285714285715, "percent_covered_display": "36", "missing_lines": 9, "excluded_lines": 0}, "missing_lines": [253, 259, 260, 261, 263, 264, 266, 267, 269], "excluded_lines": []}, "app/components/metadata_tab.py": {"executed_lines": [6, 7, 8, 9, 12, 13, 15, 23, 115], "summary": {"covered_lines": 9, "num_statements": 14, "percent_covered": 64.28571428571429, "percent_covered_display": "64", "missing_lines": 5, "excluded_lines": 0}, "missing_lines": [116, 121, 122, 123, 124], "excluded_lines": []}, "app/components/metadata_table_checklist.py": {"executed_lines": [6, 7, 8, 17, 52], "summary": {"covered_lines": 5, "num_statements": 12, "percent_covered": 41.666666666666664, "percent_covered_display": "42", "missing_lines": 7, "excluded_lines": 0}, "missing_lines": [53, 59, 60, 62, 63, 64, 66], "excluded_lines": []}, "app/components/module_selection.py": {"executed_lines": [6, 7, 14], "summary": {"covered_lines": 3, "num_statements": 3, "percent_covered": 100.0, "percent_covered_display": "100", "missing_lines": 0, "excluded_lines": 0}, "missing_lines": [], "excluded_lines": []}, "app/components/run_time_settings.py": {"executed_lines": [6, 7, 8, 9, 10, 11, 12, 20, 61, 88], "summary": {"covered_lines": 10, "num_statements": 34, "percent_covered": 29.41176470588235, "percent_covered_display": "29", "missing_lines": 24, "excluded_lines": 0}, "missing_lines": [62, 67, 68, 69, 70, 71, 72, 73, 75, 76, 85, 90, 94, 95, 96, 97, 98, 99, 100, 101, 102, 104, 106, 108], "excluded_lines": []}, "app/components/save_metadata_tables.py": {"executed_lines": [6, 7, 8, 9, 10, 11, 12, 21], "summary": {"covered_lines": 8, "num_statements": 31, "percent_covered": 25.806451612903224, "percent_covered_display": "26", "missing_lines": 23, "excluded_lines": 0}, "missing_lines": [22, 28, 29, 32, 33, 34, 35, 37, 38, 40, 41, 42, 43, 46, 48, 49, 52, 55, 56, 57, 58, 59, 62], "excluded_lines": []}, "app/components/selection_table.py": {"executed_lines": [1, 3], "summary": {"covered_lines": 2, "num_statements": 2, "percent_covered": 100.0, "percent_covered_display": "100", "missing_lines": 0, "excluded_lines": 0}, "missing_lines": [], "excluded_lines": []}, "app/components/tabs_content.py": {"executed_lines": [7, 8, 10, 11, 18], "summary": {"covered_lines": 5, "num_statements": 5, "percent_covered": 100.0, "percent_covered_display": "100", "missing_lines": 0, "excluded_lines": 0}, "missing_lines": [], "excluded_lines": []}, "app/components/test_scripts/__init__.py": {"executed_lines": [0], "summary": {"covered_lines": 0, "num_statements": 0, "percent_covered": 100.0, "percent_covered_display": "100", "missing_lines": 0, "excluded_lines": 0}, "missing_lines": [], "excluded_lines": []}, "app/components/test_scripts/conftest.py": {"executed_lines": [1, 3, 4, 5, 6, 7], "summary": {"covered_lines": 6, "num_statements": 6, "percent_covered": 100.0, "percent_covered_display": "100", "missing_lines": 0, "excluded_lines": 0}, "missing_lines": [], "excluded_lines": []}, "app/components/test_scripts/instrument_settings_test.py": {"executed_lines": [6, 7, 8, 9, 10, 11, 13, 14, 15, 16, 17, 18, 19, 20, 21, 22, 23, 24, 31, 33, 36, 47, 50, 60, 61, 62, 63, 64], "summary": {"covered_lines": 28, "num_statements": 28, "percent_covered": 100.0, "percent_covered_display": "100", "missing_lines": 0, "excluded_lines": 0}, "missing_lines": [], "excluded_lines": []}, "app/components/test_scripts/metadata_checklist_test.py": {"executed_lines": [6, 7, 8, 9, 10, 11, 13, 14, 15, 16, 17, 18, 19, 20, 21, 22, 23, 24, 31, 33, 36, 47, 50, 51, 54, 62, 63, 64, 65, 66], "summary": {"covered_lines": 30, "num_statements": 30, "percent_covered": 100.0, "percent_covered_display": "100", "missing_lines": 0, "excluded_lines": 0}, "missing_lines": [], "excluded_lines": []}, "app/components/test_scripts/metadata_tab_test.py": {"executed_lines": [6, 7, 8, 9, 10, 11, 13, 14, 15, 16, 17, 18, 19, 20, 21, 22, 23, 24, 31, 33, 36, 47, 50, 51, 54, 57, 63, 64, 65, 66, 67], "summary": {"covered_lines": 31, "num_statements": 31, "percent_covered": 100.0, "percent_covered_display": "100", "missing_lines": 0, "excluded_lines": 0}, "missing_lines": [], "excluded_lines": []}, "app/components/test_scripts/module_selection_test.py": {"executed_lines": [6, 7, 8, 9, 10, 11, 12, 14, 15, 16, 17, 18, 19, 20, 21, 22, 23, 24, 25, 34, 36, 39, 51, 54, 56], "summary": {"covered_lines": 25, "num_statements": 41, "percent_covered": 60.97560975609756, "percent_covered_display": "61", "missing_lines": 16, "excluded_lines": 0}, "missing_lines": [59, 61, 64, 75, 76, 77, 78, 80, 83, 85, 88, 95, 96, 97, 98, 100], "excluded_lines": []}, "app/components/test_scripts/run_time_settings_test.py": {"executed_lines": [6, 7, 8, 9, 10, 11, 13, 14, 15, 16, 17, 18, 19, 20, 21, 22, 23, 24, 31, 33, 36, 47, 50, 53, 54, 55, 56, 57], "summary": {"covered_lines": 28, "num_statements": 28, "percent_covered": 100.0, "percent_covered_display": "100", "missing_lines": 0, "excluded_lines": 0}, "missing_lines": [], "excluded_lines": []}, "app/components/test_scripts/worm_information_test.py": {"executed_lines": [6, 7, 8, 9, 10, 11, 13, 14, 15, 16, 17, 18, 19, 20, 21, 22, 23, 24, 33, 35, 38, 50, 54, 59, 60, 61, 62, 63, 65], "summary": {"covered_lines": 29, "num_statements": 29, "percent_covered": 100.0, "percent_covered_display": "100", "missing_lines": 0, "excluded_lines": 0}, "missing_lines": [], "excluded_lines": []}, "app/components/worm_information.py": {"executed_lines": [6, 7, 15], "summary": {"covered_lines": 3, "num_statements": 3, "percent_covered": 100.0, "percent_covered_display": "100", "missing_lines": 0, "excluded_lines": 0}, "missing_lines": [], "excluded_lines": []}, "app/pages/__init__.py": {"executed_lines": [0], "summary": {"covered_lines": 0, "num_statements": 0, "percent_covered": 100.0, "percent_covered_display": "100", "missing_lines": 0, "excluded_lines": 0}, "missing_lines": [], "excluded_lines": []}, "app/pages/info_page_content.py": {"executed_lines": [6, 7, 14, 96], "summary": {"covered_lines": 4, "num_statements": 4, "percent_covered": 100.0, "percent_covered_display": "100", "missing_lines": 0, "excluded_lines": 0}, "missing_lines": [], "excluded_lines": []}, "app/pages/preview_page_content.py": {"executed_lines": [6, 7, 8, 9, 10, 11, 12, 13, 14, 15, 16, 17, 24, 85, 114, 143, 164], "summary": {"covered_lines": 17, "num_statements": 64, "percent_covered": 26.5625, "percent_covered_display": "27", "missing_lines": 47, "excluded_lines": 0}, "missing_lines": [115, 124, 126, 128, 130, 132, 134, 135, 136, 137, 138, 139, 140, 144, 150, 152, 153, 155, 156, 157, 158, 160, 161, 165, 191, 192, 194, 195, 197, 199, 219, 222, 223, 226, 227, 229, 230, 232, 240, 243, 244, 246, 247, 248, 249, 250, 251], "excluded_lines": []}, "app/pages/save_page_content.py": {"executed_lines": [6, 7, 8, 9, 10, 11, 18, 33, 58], "summary": {"covered_lines": 9, "num_statements": 20, "percent_covered": 45.0, "percent_covered_display": "45", "missing_lines": 11, "excluded_lines": 0}, "missing_lines": [60, 84, 87, 89, 90, 92, 94, 115, 118, 119, 121], "excluded_lines": []}, "app/utils/__init__.py": {"executed_lines": [0], "summary": {"covered_lines": 0, "num_statements": 0, "percent_covered": 100.0, "percent_covered_display": "100", "missing_lines": 0, "excluded_lines": 0}, "missing_lines": [], "excluded_lines": []}, "app/utils/callback_functions.py": {"executed_lines": [1, 4], "summary": {"covered_lines": 2, "num_statements": 17, "percent_covered": 11.764705882352942, "percent_covered_display": "12", "missing_lines": 15, "excluded_lines": 0}, "missing_lines": [2, 23, 24, 25, 27, 28, 29, 31, 32, 33, 34, 35, 36, 38, 73], "excluded_lines": []}, "app/utils/create_df_from_user_input.py": {"executed_lines": [6, 14, 22], "summary": {"covered_lines": 3, "num_statements": 15, "percent_covered": 20.0, "percent_covered_display": "20", "missing_lines": 12, "excluded_lines": 0}, "missing_lines": [15, 16, 17, 18, 19, 20, 23, 24, 25, 26, 27, 28], "excluded_lines": []}}, "totals": {"covered_lines": 283, "num_statements": 481, "percent_covered": 58.83575883575884, "percent_covered_display": "59", "missing_lines": 198, "excluded_lines": 0}}